<?xml version="1.0" encoding="UTF-8"?>
<testsuite xmlns:xsi="http://www.w3.org/2001/XMLSchema-instance" xsi:noNamespaceSchemaLocation="https://maven.apache.org/surefire/maven-surefire-plugin/xsd/surefire-test-report-3.0.xsd" version="3.0" name="hw1.problem1.TestPairWise3" time="0.022" tests="9" errors="0" skipped="0" failures="0">
  <properties>
[...]
</properties>
  <testcase name="test1" classname="hw1.problem1.TestPairWise3" time="0.001"/>
  <testcase name="test2" classname="hw1.problem1.TestPairWise3" time="0.0"/>
  <testcase name="test3" classname="hw1.problem1.TestPairWise3" time="0.0"/>
  <testcase name="test4" classname="hw1.problem1.TestPairWise3" time="0.0"/>
  <testcase name="test5" classname="hw1.problem1.TestPairWise3" time="0.0"/>
  <testcase name="test6" classname="hw1.problem1.TestPairWise3" time="0.0"/>
  <testcase name="test7" classname="hw1.problem1.TestPairWise3" time="0.001"/>
  <testcase name="test8" classname="hw1.problem1.TestPairWise3" time="0.0"/>
  <testcase name="test9" classname="hw1.problem1.TestPairWise3" time="0.0"/>
</testsuite>